<?xml version="1.0" encoding="UTF-8"?>
<testng-results ignored="0" total="1" passed="1" failed="0" skipped="0">
  <reporter-output>
  </reporter-output>
  <suite started-at="2023-10-23T14:44:43 COT" name="Default suite" finished-at="2023-10-23T14:44:48 COT" duration-ms="4931">
    <groups>
    </groups>
    <test started-at="2023-10-23T14:44:43 COT" name="Default test" finished-at="2023-10-23T14:44:48 COT" duration-ms="4931">
      <class name="practicaSel.PruebaSeleniumTest">
        <test-method signature="f()[pri:0, instance:practicaSel.PruebaSeleniumTest@3b6ddd1d]" started-at="2023-10-23T14:44:43 COT" name="f" finished-at="2023-10-23T14:44:48 COT" duration-ms="4883" status="PASS">
          <reporter-output>
          </reporter-output>
        </test-method> <!-- f -->
      </class> <!-- practicaSel.PruebaSeleniumTest -->
    </test> <!-- Default test -->
  </suite> <!-- Default suite -->
</testng-results>
